## Footprint report - date Wed Jan 19 09:48:45 2022
## Created by Pcbnew version kicad 5.1.10
## Unit = mm, Angle = deg.

$BeginDESCRIPTION

$BOARD
upper_left_corner 57.607381 27.127381
lower_right_corner 99.135001 55.509762
$EndBOARD

$MODULE "ATtiny1"
reference "ATtiny1"
value "ATtiny85-20PU"
footprint "Package_DIP:DIP-8_W7.62mm"
attribut none
position 83.820000 35.560000  orientation 0.00
layer front
$PAD "1"
Shape Rect Layer both
position  0.000000  0.000000  size  1.600000  1.600000  orientation 0.00
drill  0.800000
shape_offset  0.000000  0.000000
$EndPAD
$PAD "5"
Shape Oval Layer both
position  7.620000  7.620000  size  1.600000  1.600000  orientation 0.00
drill  0.800000
shape_offset  0.000000  0.000000
$EndPAD
$PAD "2"
Shape Oval Layer both
position  0.000000  2.540000  size  1.600000  1.600000  orientation 0.00
drill  0.800000
shape_offset  0.000000  0.000000
$EndPAD
$PAD "6"
Shape Oval Layer both
position  7.620000  5.080000  size  1.600000  1.600000  orientation 0.00
drill  0.800000
shape_offset  0.000000  0.000000
$EndPAD
$PAD "3"
Shape Oval Layer both
position  0.000000  5.080000  size  1.600000  1.600000  orientation 0.00
drill  0.800000
shape_offset  0.000000  0.000000
$EndPAD
$PAD "7"
Shape Oval Layer both
position  7.620000  2.540000  size  1.600000  1.600000  orientation 0.00
drill  0.800000
shape_offset  0.000000  0.000000
$EndPAD
$PAD "4"
Shape Oval Layer both
position  0.000000  7.620000  size  1.600000  1.600000  orientation 0.00
drill  0.800000
shape_offset  0.000000  0.000000
$EndPAD
$PAD "8"
Shape Oval Layer both
position  7.620000  0.000000  size  1.600000  1.600000  orientation 0.00
drill  0.800000
shape_offset  0.000000  0.000000
$EndPAD
$EndMODULE  ATtiny1

$MODULE "C1"
reference "C1"
value "10uF/25V"
footprint "Capacitor_THT:C_Disc_D8.0mm_W2.5mm_P5.00mm"
attribut none
position 68.580000 38.100000  orientation 90.00
layer front
$PAD "1"
Shape Circle Layer both
position  0.000000  0.000000  size  1.600000  1.600000  orientation 0.00
drill  0.800000
shape_offset  0.000000  0.000000
$EndPAD
$PAD "2"
Shape Circle Layer both
position  5.000000  0.000000  size  1.600000  1.600000  orientation 0.00
drill  0.800000
shape_offset  0.000000  0.000000
$EndPAD
$EndMODULE  C1

$MODULE "C2"
reference "C2"
value "10uF/25V"
footprint "Capacitor_THT:C_Disc_D8.0mm_W2.5mm_P5.00mm"
attribut none
position 73.660000 38.100000  orientation 90.00
layer front
$PAD "2"
Shape Circle Layer both
position  5.000000  0.000000  size  1.600000  1.600000  orientation 0.00
drill  0.800000
shape_offset  0.000000  0.000000
$EndPAD
$PAD "1"
Shape Circle Layer both
position  0.000000  0.000000  size  1.600000  1.600000  orientation 0.00
drill  0.800000
shape_offset  0.000000  0.000000
$EndPAD
$EndMODULE  C2

$MODULE "D1"
reference "D1"
value "1N4001"
footprint "Diode_THT:D_DO-41_SOD81_P10.16mm_Horizontal"
attribut none
position 62.230000 49.530000  orientation 90.00
layer front
$PAD "1"
Shape Rect Layer both
position  0.000000  0.000000  size  2.200000  2.200000  orientation 0.00
drill  1.100000
shape_offset  0.000000  0.000000
$EndPAD
$PAD "2"
Shape Oval Layer both
position 10.160000  0.000000  size  2.200000  2.200000  orientation 0.00
drill  1.100000
shape_offset  0.000000  0.000000
$EndPAD
$EndMODULE  D1

$MODULE "J1"
reference "J1"
value "Conn_01x04"
footprint "Connector_PinHeader_2.54mm:PinHeader_1x04_P2.54mm_Vertical"
attribut none
position 91.440000 31.750000  orientation 270.00
layer front
$PAD "1"
Shape Rect Layer both
position  0.000000  0.000000  size  1.700000  1.700000  orientation 0.00
drill  1.000000
shape_offset  0.000000  0.000000
$EndPAD
$PAD "2"
Shape Oval Layer both
position  0.000000  2.540000  size  1.700000  1.700000  orientation 0.00
drill  1.000000
shape_offset  0.000000  0.000000
$EndPAD
$PAD "3"
Shape Oval Layer both
position  0.000000  5.080000  size  1.700000  1.700000  orientation 0.00
drill  1.000000
shape_offset  0.000000  0.000000
$EndPAD
$PAD "4"
Shape Oval Layer both
position  0.000000  7.620000  size  1.700000  1.700000  orientation 0.00
drill  1.000000
shape_offset  0.000000  0.000000
$EndPAD
$EndMODULE  J1

$MODULE "Power1"
reference "Power1"
value "Conn_01x02"
footprint "Connector_PinHeader_2.54mm:PinHeader_1x02_P2.54mm_Vertical"
attribut none
position 62.230000 33.020000  orientation 0.00
layer front
$PAD "1"
Shape Rect Layer both
position  0.000000  0.000000  size  1.700000  1.700000  orientation 0.00
drill  1.000000
shape_offset  0.000000  0.000000
$EndPAD
$PAD "2"
Shape Oval Layer both
position  0.000000  2.540000  size  1.700000  1.700000  orientation 0.00
drill  1.000000
shape_offset  0.000000  0.000000
$EndPAD
$EndMODULE  Power1

$MODULE "R1"
reference "R1"
value "10K"
footprint "Resistor_THT:R_Axial_DIN0207_L6.3mm_D2.5mm_P7.62mm_Horizontal"
attribut none
position 80.010000 35.560000  orientation 270.00
layer front
$PAD "1"
Shape Circle Layer both
position  0.000000  0.000000  size  1.600000  1.600000  orientation 0.00
drill  0.800000
shape_offset  0.000000  0.000000
$EndPAD
$PAD "2"
Shape Oval Layer both
position  7.620000  0.000000  size  1.600000  1.600000  orientation 0.00
drill  0.800000
shape_offset  0.000000  0.000000
$EndPAD
$EndMODULE  R1

$MODULE "R2"
reference "R2"
value "10K"
footprint "Resistor_THT:R_Axial_DIN0207_L6.3mm_D2.5mm_P7.62mm_Horizontal"
attribut none
position 95.250000 43.180000  orientation 90.00
layer front
$PAD "2"
Shape Oval Layer both
position  7.620000  0.000000  size  1.600000  1.600000  orientation 0.00
drill  0.800000
shape_offset  0.000000  0.000000
$EndPAD
$PAD "1"
Shape Circle Layer both
position  0.000000  0.000000  size  1.600000  1.600000  orientation 0.00
drill  0.800000
shape_offset  0.000000  0.000000
$EndPAD
$EndMODULE  R2

$MODULE "RF_transmitter1"
reference "RF_transmitter1"
value "Conn_01x03"
footprint "Connector_PinHeader_2.54mm:PinHeader_1x03_P2.54mm_Vertical"
attribut none
position 85.090000 49.530000  orientation 90.00
layer front
$PAD "1"
Shape Rect Layer both
position  0.000000  0.000000  size  1.700000  1.700000  orientation 0.00
drill  1.000000
shape_offset  0.000000  0.000000
$EndPAD
$PAD "2"
Shape Oval Layer both
position  0.000000  2.540000  size  1.700000  1.700000  orientation 0.00
drill  1.000000
shape_offset  0.000000  0.000000
$EndPAD
$PAD "3"
Shape Oval Layer both
position  0.000000  5.080000  size  1.700000  1.700000  orientation 0.00
drill  1.000000
shape_offset  0.000000  0.000000
$EndPAD
$EndMODULE  RF_transmitter1

$MODULE "U1"
reference "U1"
value "LM7805_TO220"
footprint "Package_TO_SOT_THT:TO-220-3_Vertical"
attribut none
position 68.580000 44.450000  orientation 0.00
layer front
$PAD "1"
Shape Rect Layer both
position  0.000000  0.000000  size  1.905000  2.000000  orientation 0.00
drill  1.100000
shape_offset  0.000000  0.000000
$EndPAD
$PAD "2"
Shape Oval Layer both
position  2.540000  0.000000  size  1.905000  2.000000  orientation 0.00
drill  1.100000
shape_offset  0.000000  0.000000
$EndPAD
$PAD "3"
Shape Oval Layer both
position  5.080000  0.000000  size  1.905000  2.000000  orientation 0.00
drill  1.100000
shape_offset  0.000000  0.000000
$EndPAD
$EndMODULE  U1

$EndDESCRIPTION
